[2021-11-07 22:23:19.336] [exthost] [info] Extension host with pid 14071 started
[2021-11-07 22:23:19.406] [exthost] [info] ExtensionService#_doActivateExtension vscode.microsoft-authentication, startup: false, activationEvent: 'onAuthenticationRequest:microsoft'
[2021-11-07 22:23:19.443] [exthost] [info] ExtensionService#_doActivateExtension vscode.debug-auto-launch, startup: true, activationEvent: '*'
[2021-11-07 22:23:19.446] [exthost] [info] ExtensionService#_doActivateExtension vscode.git, startup: true, activationEvent: '*', root cause: vscode.github
[2021-11-07 22:23:19.570] [exthost] [info] ExtensionService#_doActivateExtension vscode.github, startup: true, activationEvent: '*'
[2021-11-07 22:23:19.601] [exthost] [info] Eager extensions activated
[2021-11-07 22:23:19.614] [exthost] [info] ExtensionService#_doActivateExtension vscode.github-authentication, startup: false, activationEvent: 'onAuthenticationRequest:github'
[2021-11-07 22:23:19.643] [exthost] [info] ExtensionService#_doActivateExtension vscode.merge-conflict, startup: false, activationEvent: 'onStartupFinished'
[2021-11-07 22:24:06.409] [exthost] [info] extension host terminating: renderer closed the socket
[2021-11-07 22:24:07.412] [exthost] [info] Extension host with pid 14071 exiting with code 0
[2021-11-07 22:24:07.858] [exthost] [info] Extension host with pid 14240 started
[2021-11-07 22:24:07.858] [exthost] [info] Skipping acquiring lock for /home/amir/Desktop/00-intro-to-hpc/pi constant and mat-mat multiply/Multicore-and-GPU-Programming/~/.vscode-root/User/workspaceStorage/817147da7ea2c61a3635993bb6bcb81e.
[2021-11-07 22:24:07.915] [exthost] [info] ExtensionService#_doActivateExtension vscode.microsoft-authentication, startup: false, activationEvent: 'onAuthenticationRequest:microsoft'
[2021-11-07 22:24:07.921] [exthost] [info] ExtensionService#_doActivateExtension vscode.debug-auto-launch, startup: true, activationEvent: '*'
[2021-11-07 22:24:07.922] [exthost] [info] ExtensionService#_doActivateExtension vscode.git, startup: true, activationEvent: '*', root cause: vscode.github
[2021-11-07 22:24:08.069] [exthost] [info] ExtensionService#_doActivateExtension vscode.github, startup: true, activationEvent: '*'
[2021-11-07 22:24:08.085] [exthost] [info] Eager extensions activated
[2021-11-07 22:24:08.119] [exthost] [warning] [Decorations] CAPPING events from decorations provider vscode.git 257
[2021-11-07 22:24:08.134] [exthost] [info] ExtensionService#_doActivateExtension vscode.github-authentication, startup: false, activationEvent: 'onAuthenticationRequest:github'
[2021-11-07 22:24:08.139] [exthost] [info] ExtensionService#_doActivateExtension vscode.merge-conflict, startup: false, activationEvent: 'onStartupFinished'
